C51 COMPILER V9.54   GSM                                                                   04/24/2020 11:20:29 PAGE 1   


C51 COMPILER V9.54, COMPILATION OF MODULE GSM
OBJECT MODULE PLACED IN .\Objects\gsm.obj
COMPILER INVOKED BY: D:\keil5 mdk\C51\BIN\C51.EXE user\src\gsm.c OPTIMIZE(8,SPEED) BROWSE INCDIR(.\lib;.\user\inc) DEBUG
                    - OBJECTEXTEND PRINT(.\Listings\gsm.lst) TABS(2) OBJECT(.\Objects\gsm.obj)

line level    source

   1          #include "gsm.h"
   2          
   3          
   4          
   5          //开机参数
   6          void ResetPara(void)
   7          {
   8   1        /* 通信和是否睡眠 */
   9   1        g_isCommErr = 1;   // 不通信
  10   1        g_isS2Sleep = 0;   // 不睡眠
  11   1        /* 心跳包的初始时间 */
  12   1        bFreeTimeOut1s = 5;
  13   1        g_bPlusTimeOut1s = 120;
  14   1        /* 按键值初始化 */
  15   1        g_bKey[0] = 0;
  16   1        g_bKey[1] = 0;
  17   1        g_bLedRun = 0;
  18   1        g_bLedSOS = 0;
  19   1      }
  20          
  21          
  22          
  23          
  24          
  25          
  26          
  27          
  28          
  29          


MODULE INFORMATION:   STATIC OVERLAYABLE
   CODE SIZE        =     26    ----
   CONSTANT SIZE    =   ----    ----
   XDATA SIZE       =   ----    ----
   PDATA SIZE       =   ----    ----
   DATA SIZE        =   ----    ----
   IDATA SIZE       =   ----    ----
   BIT SIZE         =   ----    ----
END OF MODULE INFORMATION.


C51 COMPILATION COMPLETE.  0 WARNING(S),  0 ERROR(S)
