C51 COMPILER V9.54   KEY                                                                   04/24/2020 11:20:28 PAGE 1   


C51 COMPILER V9.54, COMPILATION OF MODULE KEY
OBJECT MODULE PLACED IN .\Objects\key.obj
COMPILER INVOKED BY: D:\keil5 mdk\C51\BIN\C51.EXE user\src\key.c OPTIMIZE(8,SPEED) BROWSE INCDIR(.\lib;.\user\inc) DEBUG
                    - OBJECTEXTEND PRINT(.\Listings\key.lst) TABS(2) OBJECT(.\Objects\key.obj)

line level    source

   1          #include "Config.h"
   2          
   3          
   4          u8 sign_date;
   5          u8 xdata g_bKey[2] = { 0,0 }; //最多存储2个按键缓冲
   6          u8 xdata bKeyTimeOut1s;
   7          /*  定时器(20MS进入一次) -- 发送 --第几个按键被按下  -- 属于常按还是短按 */
   8          void pAddKey(u8 bWhich, bit isTouch)
   9          {
  10   1        static u8 xdata bKeyCnt[6];
  11   1      
  12   1        u8 bPos = 0;
  13   1      #if 0
                //第2个按键可以被更新，有可能关机键
                if (g_bKey[0] != 0)
                {
                  bPos = 1;
                }
                else
                {
                  bPos = 0;
                }
              #endif
  24   1        if (isTouch)
  25   1        {
  26   2          bFreeTimeOut1s = 5;
  27   2          /* 累加按键按下的时间 */
  28   2          if (bKeyCnt[bWhich] < 0xff)
  29   2          {
  30   3            bKeyCnt[bWhich]++;
  31   3          }
  32   2      
  33   2          //长按2s   --- 20*100 = 2S
  34   2          if (bKeyCnt[bWhich] == 100)
  35   2          {
  36   3            //sign_date = 5;
  37   3            g_bKey[bPos] = 0x81 + bWhich;
  38   3            //TX1_write2buff('0' + bPos);
  39   3            //PrintString1("L_KEY:");
  40   3            //TX1_write2buff(bWhich + '0');
  41   3            bKeyTimeOut1s = 5;  //5s抛弃
  42   3          }
  43   2        }
  44   1        else   // 不按了即为高电平
  45   1        {
  46   2          //短按（大于40MS，小于2S）
  47   2          if ((bKeyCnt[bWhich] > 2) && (bKeyCnt[bWhich] < 100))
  48   2          {
  49   3            //sign_date = 5;
  50   3            g_bKey[bPos] = 0x01 + bWhich;
  51   3            //TX1_write2buff('0' + bPos);
  52   3            //PrintString1("KEY:");
  53   3            //TX1_write2buff(bWhich + '0');
  54   3            bKeyTimeOut1s = 5;  //5s抛弃
C51 COMPILER V9.54   KEY                                                                   04/24/2020 11:20:28 PAGE 2   

  55   3          }
  56   2          bKeyCnt[bWhich] = 0;   // 清空计算按键的时间
  57   2        }
  58   1      }
  59          
  60          
  61          /* 识别是否有按键被按下 ---返回为1即是进入睡眠  */
  62          bit pSleepAble(void)
  63          {
  64   1        if (bFreeTimeOut1s > 0)
  65   1        {
  66   2          return 0;
  67   2        }
  68   1      
  69   1        if ((KEY1 == 0))
  70   1        {
  71   2          bFreeTimeOut1s = 5;
  72   2          return 0;
  73   2        }
  74   1      
  75   1        if ((KEY2 == 0))
  76   1        {
  77   2          bFreeTimeOut1s = 5;
  78   2          return 0;
  79   2        }
  80   1      #if 0
                if ((KEY3 == 0))
                {
                  bFreeTimeOut1s = 5;
                  return 0;
                }
                if ((KEY4 == 0))
                {
                  bFreeTimeOut1s = 5;
                  return 0;
                }
                if ((KEY5 == 0))
                {
                  bFreeTimeOut1s = 5;
                  return 0;
                }
                if ((KEY6 == 0))
                {
                  bFreeTimeOut1s = 5;
                  return 0;
                }
              
              #endif
 103   1        return 1;
 104   1      }
 105          
 106          
 107          


MODULE INFORMATION:   STATIC OVERLAYABLE
   CODE SIZE        =    154    ----
   CONSTANT SIZE    =   ----    ----
   XDATA SIZE       =      9    ----
   PDATA SIZE       =   ----    ----
   DATA SIZE        =      1    ----
   IDATA SIZE       =   ----    ----
C51 COMPILER V9.54   KEY                                                                   04/24/2020 11:20:28 PAGE 3   

   BIT SIZE         =   ----       1
END OF MODULE INFORMATION.


C51 COMPILATION COMPLETE.  0 WARNING(S),  0 ERROR(S)
